[2024-07-13 21:56:16 +0300] [126544] [INFO] Starting gunicorn 22.0.0
[2024-07-13 21:56:16 +0300] [126544] [ERROR] Connection in use: ('::', 8793)
[2024-07-13 21:56:16 +0300] [126544] [ERROR] Retrying in 1 second.
[2024-07-13 21:56:17 +0300] [126544] [ERROR] Connection in use: ('::', 8793)
[2024-07-13 21:56:17 +0300] [126544] [ERROR] Retrying in 1 second.
[2024-07-13 21:56:18 +0300] [126544] [ERROR] Connection in use: ('::', 8793)
[2024-07-13 21:56:18 +0300] [126544] [ERROR] Retrying in 1 second.
[2024-07-13 21:56:19 +0300] [126544] [ERROR] Connection in use: ('::', 8793)
[2024-07-13 21:56:19 +0300] [126544] [ERROR] Retrying in 1 second.
[2024-07-13 21:56:20 +0300] [126544] [ERROR] Connection in use: ('::', 8793)
[2024-07-13 21:56:20 +0300] [126544] [ERROR] Retrying in 1 second.
[2024-07-13 21:56:21 +0300] [126544] [ERROR] Can't connect to ('::', 8793)
Terminating on signal 15
Terminating on signal 15
Terminating on signal 15
Terminating on signal 15
Terminating on signal 15
Terminating on signal 15
Terminating on signal 15
Terminating on signal 15
Terminating on signal 15
Terminating on signal 15
Terminating on signal 15
Terminating on signal 15
Terminating on signal 15
Terminating on signal 15
Terminating on signal 15
Terminating on signal 15
Terminating on signal 15
Terminating on signal 15
Terminating on signal 15
Terminating on signal 15
Terminating on signal 15
Terminating on signal 15
Terminating on signal 15
Terminating on signal 15
Terminating on signal 15
Terminating on signal 15
Terminating on signal 15
Terminating on signal 15
Terminating on signal 15
Terminating on signal 15
Terminating on signal 15
Terminating on signal 15
